<?xml version="1.0" encoding="UTF-8"?>
<!-- Generated by org.testng.reporters.JUnitXMLReporter -->
<testsuite ignored="0" hostname="SarthakDell" failures="0" tests="10" name="Default test" time="55.335" errors="0" timestamp="2024-05-11T11:17:16 EDT">
  <testcase classname="com.sauceDemo.jenkins.LoginTest" name="validLoginWithFirstUsername" time="2.971"/>
  <testcase classname="com.sauceDemo.jenkins.LoginTest" name="validLoginWithSecondUsername" time="2.712"/>
  <testcase classname="com.sauceDemo.jenkins.LoginTest" name="validLoginWithThirdUsername" time="3.031"/>
  <testcase classname="com.sauceDemo.jenkins.LoginTest" name="validLoginWithFourthUsername" time="6.973"/>
  <testcase classname="com.sauceDemo.jenkins.LoginTest" name="validLoginWithFifthUsername" time="2.948"/>
  <testcase classname="com.sauceDemo.jenkins.LoginTest" name="validLoginWithSixthUsername" time="2.993"/>
  <testcase classname="com.sauceDemo.jenkins.LoginTest" name="invalidPasswordLogin" time="0.699"/>
  <testcase classname="com.sauceDemo.jenkins.LoginTest" name="invalidBlankPasswordLogin" time="2.382"/>
  <testcase classname="com.sauceDemo.jenkins.LoginTest" name="invalidBlankUsernameLogin" time="2.436"/>
  <testcase classname="com.sauceDemo.jenkins.LoginTest" name="invalidBlankUsernameAndPasswordLogin" time="2.286"/>
</testsuite> <!-- Default test -->
