<?xml version="1.0" encoding="UTF-8"?>
<!-- Generated by org.testng.reporters.JUnitXMLReporter -->
<testsuite ignored="0" hostname="SarthakDell" failures="0" tests="10" name="Test" time="51.943" errors="0" timestamp="11 May 2024 15:25:51 GMT">
  <testcase classname="com.sauceDemo.TestCases.ValidLoginTest" name="validLoginWithFirstUsername" time="3.073"/>
  <testcase classname="com.sauceDemo.TestCases.InvalidLoginTest" name="invalidPasswordLogin" time="0.772"/>
  <testcase classname="com.sauceDemo.TestCases.ValidLoginTest" name="validLoginWithSecondUsername" time="2.491"/>
  <testcase classname="com.sauceDemo.TestCases.InvalidLoginTest" name="invalidBlankPasswordLogin" time="2.439"/>
  <testcase classname="com.sauceDemo.TestCases.ValidLoginTest" name="validLoginWithThirdUsername" time="3.045"/>
  <testcase classname="com.sauceDemo.TestCases.InvalidLoginTest" name="invalidBlankUsernameLogin" time="2.282"/>
  <testcase classname="com.sauceDemo.TestCases.ValidLoginTest" name="validLoginWithFourthUsername" time="6.984"/>
  <testcase classname="com.sauceDemo.TestCases.InvalidLoginTest" name="invalidBlankUsernameAndPasswordLogin" time="2.242"/>
  <testcase classname="com.sauceDemo.TestCases.ValidLoginTest" name="validLoginWithFifthUsername" time="3.176"/>
  <testcase classname="com.sauceDemo.TestCases.ValidLoginTest" name="validLoginWithSixthUsername" time="2.99"/>
</testsuite> <!-- Test -->
